dt.js?33?33:1 Uncaught ReferenceError: isMobile is not defined
    at Object.DIkC (dt.js?33?33:1)
    at r (dt.js?33?33:1)
    at Object.10 (dt.js?33?33:1)
    at r (dt.js?33?33:1)
    at dt.js?33?33:1
    at dt.js?33?33:1
DIkC @ dt.js?33?33:1
r @ dt.js?33?33:1
10 @ dt.js?33?33:1
r @ dt.js?33?33:1
(anonymous) @ dt.js?33?33:1
(anonymous) @ dt.js?33?33:1
Mixed Content: The page at '<URL>' was loaded over HTTPS, but requested an insecure element '<URL>'. As part of an experiment this request was automatically upgraded to HTTPS, For more information see <URL>
Mixed Content: The page at '<URL>' was loaded over HTTPS, but requested an insecure element '<URL>'. As part of an experiment this request was automatically upgraded to HTTPS, For more information see <URL>
Mixed Content: The page at '<URL>' was loaded over HTTPS, but requested an insecure element '<URL>'. As part of an experiment this request was automatically upgraded to HTTPS, For more information see <URL>
Mixed Content: The page at '<URL>' was loaded over HTTPS, but requested an insecure element '<URL>'. As part of an experiment this request was automatically upgraded to HTTPS, For more information see <URL>
Mixed Content: The page at '<URL>' was loaded over HTTPS, but requested an insecure element '<URL>'. As part of an experiment this request was automatically upgraded to HTTPS, For more information see <URL>
Mixed Content: The page at '<URL>' was loaded over HTTPS, but requested an insecure element '<URL>'. As part of an experiment this request was automatically upgraded to HTTPS, For more information see <URL>
Mixed Content: The page at '<URL>' was loaded over HTTPS, but requested an insecure element '<URL>'. As part of an experiment this request was automatically upgraded to HTTPS, For more information see <URL>
Mixed Content: The page at '<URL>' was loaded over HTTPS, but requested an insecure element '<URL>'. As part of an experiment this request was automatically upgraded to HTTPS, For more information see <URL>
Mixed Content: The page at '<URL>' was loaded over HTTPS, but requested an insecure element '<URL>'. As part of an experiment this request was automatically upgraded to HTTPS, For more information see <URL>
Mixed Content: The page at '<URL>' was loaded over HTTPS, but requested an insecure element '<URL>'. As part of an experiment this request was automatically upgraded to HTTPS, For more information see <URL>
Mixed Content: The page at '<URL>' was loaded over HTTPS, but requested an insecure element '<URL>'. As part of an experiment this request was automatically upgraded to HTTPS, For more information see <URL>
Mixed Content: The page at '<URL>' was loaded over HTTPS, but requested an insecure element '<URL>'. As part of an experiment this request was automatically upgraded to HTTPS, For more information see <URL>
Mixed Content: The page at '<URL>' was loaded over HTTPS, but requested an insecure element '<URL>'. As part of an experiment this request was automatically upgraded to HTTPS, For more information see <URL>
Mixed Content: The page at '<URL>' was loaded over HTTPS, but requested an insecure element '<URL>'. As part of an experiment this request was automatically upgraded to HTTPS, For more information see <URL>
Mixed Content: The page at '<URL>' was loaded over HTTPS, but requested an insecure element '<URL>'. As part of an experiment this request was automatically upgraded to HTTPS, For more information see <URL>
Mixed Content: The page at '<URL>' was loaded over HTTPS, but requested an insecure element '<URL>'. As part of an experiment this request was automatically upgraded to HTTPS, For more information see <URL>
Mixed Content: The page at '<URL>' was loaded over HTTPS, but requested an insecure element '<URL>'. As part of an experiment this request was automatically upgraded to HTTPS, For more information see <URL>
Mixed Content: The page at '<URL>' was loaded over HTTPS, but requested an insecure element '<URL>'. As part of an experiment this request was automatically upgraded to HTTPS, For more information see <URL>
Mixed Content: The page at '<URL>' was loaded over HTTPS, but requested an insecure element '<URL>'. As part of an experiment this request was automatically upgraded to HTTPS, For more information see <URL>
Mixed Content: The page at '<URL>' was loaded over HTTPS, but requested an insecure element '<URL>'. As part of an experiment this request was automatically upgraded to HTTPS, For more information see <URL>
Mixed Content: The page at '<URL>' was loaded over HTTPS, but requested an insecure element '<URL>'. As part of an experiment this request was automatically upgraded to HTTPS, For more information see <URL>
Mixed Content: The page at '<URL>' was loaded over HTTPS, but requested an insecure element '<URL>'. As part of an experiment this request was automatically upgraded to HTTPS, For more information see <URL>
Mixed Content: The page at '<URL>' was loaded over HTTPS, but requested an insecure element '<URL>'. As part of an experiment this request was automatically upgraded to HTTPS, For more information see <URL>
Mixed Content: The page at '<URL>' was loaded over HTTPS, but requested an insecure element '<URL>'. As part of an experiment this request was automatically upgraded to HTTPS, For more information see <URL>
Mixed Content: The page at '<URL>' was loaded over HTTPS, but requested an insecure element '<URL>'. As part of an experiment this request was automatically upgraded to HTTPS, For more information see <URL>
Mixed Content: The page at '<URL>' was loaded over HTTPS, but requested an insecure element '<URL>'. As part of an experiment this request was automatically upgraded to HTTPS, For more information see <URL>
Mixed Content: The page at '<URL>' was loaded over HTTPS, but requested an insecure element '<URL>'. As part of an experiment this request was automatically upgraded to HTTPS, For more information see <URL>
Mixed Content: The page at '<URL>' was loaded over HTTPS, but requested an insecure element '<URL>'. As part of an experiment this request was automatically upgraded to HTTPS, For more information see <URL>
Mixed Content: The page at '<URL>' was loaded over HTTPS, but requested an insecure element '<URL>'. As part of an experiment this request was automatically upgraded to HTTPS, For more information see <URL>
Mixed Content: The page at '<URL>' was loaded over HTTPS, but requested an insecure element '<URL>'. As part of an experiment this request was automatically upgraded to HTTPS, For more information see <URL>
Mixed Content: The page at '<URL>' was loaded over HTTPS, but requested an insecure element '<URL>'. As part of an experiment this request was automatically upgraded to HTTPS, For more information see <URL>
Mixed Content: The page at '<URL>' was loaded over HTTPS, but requested an insecure element '<URL>'. As part of an experiment this request was automatically upgraded to HTTPS, For more information see <URL>
Mixed Content: The page at '<URL>' was loaded over HTTPS, but requested an insecure element '<URL>'. As part of an experiment this request was automatically upgraded to HTTPS, For more information see <URL>
Mixed Content: The page at '<URL>' was loaded over HTTPS, but requested an insecure element '<URL>'. As part of an experiment this request was automatically upgraded to HTTPS, For more information see <URL>
Mixed Content: The page at '<URL>' was loaded over HTTPS, but requested an insecure element '<URL>'. As part of an experiment this request was automatically upgraded to HTTPS, For more information see <URL>
Mixed Content: The page at '<URL>' was loaded over HTTPS, but requested an insecure element '<URL>'. As part of an experiment this request was automatically upgraded to HTTPS, For more information see <URL>
Mixed Content: The page at '<URL>' was loaded over HTTPS, but requested an insecure element '<URL>'. As part of an experiment this request was automatically upgraded to HTTPS, For more information see <URL>
Mixed Content: The page at '<URL>' was loaded over HTTPS, but requested an insecure element '<URL>'. As part of an experiment this request was automatically upgraded to HTTPS, For more information see <URL>
Mixed Content: The page at '<URL>' was loaded over HTTPS, but requested an insecure element '<URL>'. As part of an experiment this request was automatically upgraded to HTTPS, For more information see <URL>
Mixed Content: The page at '<URL>' was loaded over HTTPS, but requested an insecure element '<URL>'. As part of an experiment this request was automatically upgraded to HTTPS, For more information see <URL>
img.doutula.com/production/uploads/image/2020/09/04/20200904203825_axevKC.gif:1 GET https://img.doutula.com/production/uploads/image/2020/09/04/20200904203825_axevKC.gif net::ERR_CERT_COMMON_NAME_INVALID
Image (async)
p @ 10.19.0.js:1
IMG @ 10.19.0.js:1
E @ 10.19.0.js:1
t @ 10.19.0.js:1
S @ 10.19.0.js:1
_manageIntersection @ 10.19.0.js:1
_onIntersection @ 10.19.0.js:1
img.doutula.com/production/uploads/image/2020/09/04/20200904203825_axevKC.gif:1 GET https://img.doutula.com/production/uploads/image/2020/09/04/20200904203825_axevKC.gif net::ERR_CERT_COMMON_NAME_INVALID
Image (async)
attr @ jquery.js:7975
m.access @ jquery.js:4171
attr @ jquery.js:7933
callback_error @ (index):645
C @ 10.19.0.js:1
z @ 10.19.0.js:1
o @ 10.19.0.js:1
error (async)
O @ 10.19.0.js:1
x @ 10.19.0.js:1
N @ 10.19.0.js:1
t @ 10.19.0.js:1
S @ 10.19.0.js:1
_manageIntersection @ 10.19.0.js:1
_onIntersection @ 10.19.0.js:1
img.doutula.com/production/uploads/image/2020/09/04/20200904203825_xmPVRj.jpg:1 GET https://img.doutula.com/production/uploads/image/2020/09/04/20200904203825_xmPVRj.jpg net::ERR_CERT_COMMON_NAME_INVALID
Image (async)
p @ 10.19.0.js:1
IMG @ 10.19.0.js:1
E @ 10.19.0.js:1
t @ 10.19.0.js:1
S @ 10.19.0.js:1
_manageIntersection @ 10.19.0.js:1
_onIntersection @ 10.19.0.js:1
img.doutula.com/production/uploads/image/2020/09/04/20200904203825_TNgSJt.jpg:1 GET https://img.doutula.com/production/uploads/image/2020/09/04/20200904203825_TNgSJt.jpg net::ERR_CERT_COMMON_NAME_INVALID
Image (async)
p @ 10.19.0.js:1
IMG @ 10.19.0.js:1
E @ 10.19.0.js:1
t @ 10.19.0.js:1
S @ 10.19.0.js:1
_manageIntersection @ 10.19.0.js:1
_onIntersection @ 10.19.0.js:1
img.doutula.com/production/uploads/image/2020/09/04/20200904203825_knQjXa.gif:1 GET https://img.doutula.com/production/uploads/image/2020/09/04/20200904203825_knQjXa.gif net::ERR_CERT_COMMON_NAME_INVALID
Image (async)
p @ 10.19.0.js:1
IMG @ 10.19.0.js:1
E @ 10.19.0.js:1
t @ 10.19.0.js:1
S @ 10.19.0.js:1
_manageIntersection @ 10.19.0.js:1
_onIntersection @ 10.19.0.js:1
img.doutula.com/production/uploads/image/2020/09/03/20200903117428_Xdzpqi.jpg:1 GET https://img.doutula.com/production/uploads/image/2020/09/03/20200903117428_Xdzpqi.jpg net::ERR_CERT_COMMON_NAME_INVALID
Image (async)
p @ 10.19.0.js:1
IMG @ 10.19.0.js:1
E @ 10.19.0.js:1
t @ 10.19.0.js:1
S @ 10.19.0.js:1
_manageIntersection @ 10.19.0.js:1
_onIntersection @ 10.19.0.js:1
img.doutula.com/production/uploads/image/2020/09/03/20200903117428_Xdzpqi.jpg:1 GET https://img.doutula.com/production/uploads/image/2020/09/03/20200903117428_Xdzpqi.jpg net::ERR_CERT_COMMON_NAME_INVALID
Image (async)
attr @ jquery.js:7975
m.access @ jquery.js:4171
attr @ jquery.js:7933
callback_error @ (index):645
C @ 10.19.0.js:1
z @ 10.19.0.js:1
o @ 10.19.0.js:1
error (async)
O @ 10.19.0.js:1
x @ 10.19.0.js:1
N @ 10.19.0.js:1
t @ 10.19.0.js:1
S @ 10.19.0.js:1
_manageIntersection @ 10.19.0.js:1
_onIntersection @ 10.19.0.js:1
img.doutula.com/production/uploads/image/2020/09/04/20200904203825_knQjXa.gif:1 GET https://img.doutula.com/production/uploads/image/2020/09/04/20200904203825_knQjXa.gif net::ERR_CERT_COMMON_NAME_INVALID
Image (async)
attr @ jquery.js:7975
m.access @ jquery.js:4171
attr @ jquery.js:7933
callback_error @ (index):645
C @ 10.19.0.js:1
z @ 10.19.0.js:1
o @ 10.19.0.js:1
error (async)
O @ 10.19.0.js:1
x @ 10.19.0.js:1
N @ 10.19.0.js:1
t @ 10.19.0.js:1
S @ 10.19.0.js:1
_manageIntersection @ 10.19.0.js:1
_onIntersection @ 10.19.0.js:1
img.doutula.com/production/uploads/image/2020/09/04/20200904203825_xmPVRj.jpg:1 GET https://img.doutula.com/production/uploads/image/2020/09/04/20200904203825_xmPVRj.jpg net::ERR_CERT_COMMON_NAME_INVALID
Image (async)
attr @ jquery.js:7975
m.access @ jquery.js:4171
attr @ jquery.js:7933
callback_error @ (index):645
C @ 10.19.0.js:1
z @ 10.19.0.js:1
o @ 10.19.0.js:1
error (async)
O @ 10.19.0.js:1
x @ 10.19.0.js:1
N @ 10.19.0.js:1
t @ 10.19.0.js:1
S @ 10.19.0.js:1
_manageIntersection @ 10.19.0.js:1
_onIntersection @ 10.19.0.js:1
img.doutula.com/production/uploads/image/2020/09/04/20200904203825_TNgSJt.jpg:1 GET https://img.doutula.com/production/uploads/image/2020/09/04/20200904203825_TNgSJt.jpg net::ERR_CERT_COMMON_NAME_INVALID
Image (async)
attr @ jquery.js:7975
m.access @ jquery.js:4171
attr @ jquery.js:7933
callback_error @ (index):645
C @ 10.19.0.js:1
z @ 10.19.0.js:1
o @ 10.19.0.js:1
error (async)
O @ 10.19.0.js:1
x @ 10.19.0.js:1
N @ 10.19.0.js:1
t @ 10.19.0.js:1
S @ 10.19.0.js:1
_manageIntersection @ 10.19.0.js:1
_onIntersection @ 10.19.0.js:1
img.doutula.com/production/uploads/image/2020/09/03/20200903117429_AqufoR.jpg:1 GET https://img.doutula.com/production/uploads/image/2020/09/03/20200903117429_AqufoR.jpg net::ERR_CERT_COMMON_NAME_INVALID
Image (async)
p @ 10.19.0.js:1
IMG @ 10.19.0.js:1
E @ 10.19.0.js:1
t @ 10.19.0.js:1
S @ 10.19.0.js:1
_manageIntersection @ 10.19.0.js:1
_onIntersection @ 10.19.0.js:1
img.doutula.com/production/uploads/image/2020/09/03/20200903117429_AqufoR.jpg:1 GET https://img.doutula.com/production/uploads/image/2020/09/03/20200903117429_AqufoR.jpg net::ERR_CERT_COMMON_NAME_INVALID
Image (async)
attr @ jquery.js:7975
m.access @ jquery.js:4171
attr @ jquery.js:7933
callback_error @ (index):645
C @ 10.19.0.js:1
z @ 10.19.0.js:1
o @ 10.19.0.js:1
error (async)
O @ 10.19.0.js:1
x @ 10.19.0.js:1
N @ 10.19.0.js:1
t @ 10.19.0.js:1
S @ 10.19.0.js:1
_manageIntersection @ 10.19.0.js:1
_onIntersection @ 10.19.0.js:1
img.doutula.com/production/uploads/image/2020/09/03/20200903117429_ewYZzT.jpg:1 GET https://img.doutula.com/production/uploads/image/2020/09/03/20200903117429_ewYZzT.jpg net::ERR_CERT_COMMON_NAME_INVALID
Image (async)
p @ 10.19.0.js:1
IMG @ 10.19.0.js:1
E @ 10.19.0.js:1
t @ 10.19.0.js:1
S @ 10.19.0.js:1
_manageIntersection @ 10.19.0.js:1
_onIntersection @ 10.19.0.js:1
img.doutula.com/production/uploads/image/2020/09/03/20200903117429_ewYZzT.jpg:1 GET https://img.doutula.com/production/uploads/image/2020/09/03/20200903117429_ewYZzT.jpg net::ERR_CERT_COMMON_NAME_INVALID
Image (async)
attr @ jquery.js:7975
m.access @ jquery.js:4171
attr @ jquery.js:7933
callback_error @ (index):645
C @ 10.19.0.js:1
z @ 10.19.0.js:1
o @ 10.19.0.js:1
error (async)
O @ 10.19.0.js:1
x @ 10.19.0.js:1
N @ 10.19.0.js:1
t @ 10.19.0.js:1
S @ 10.19.0.js:1
_manageIntersection @ 10.19.0.js:1
_onIntersection @ 10.19.0.js:1
img.doutula.com/production/uploads/image/2020/09/03/20200903117429_KiHOcE.jpg:1 GET https://img.doutula.com/production/uploads/image/2020/09/03/20200903117429_KiHOcE.jpg net::ERR_CERT_COMMON_NAME_INVALID
Image (async)
p @ 10.19.0.js:1
IMG @ 10.19.0.js:1
E @ 10.19.0.js:1
t @ 10.19.0.js:1
S @ 10.19.0.js:1
_manageIntersection @ 10.19.0.js:1
_onIntersection @ 10.19.0.js:1
img.doutula.com/production/uploads/image/2020/09/03/20200903117429_KiHOcE.jpg:1 GET https://img.doutula.com/production/uploads/image/2020/09/03/20200903117429_KiHOcE.jpg net::ERR_CERT_COMMON_NAME_INVALID
Image (async)
attr @ jquery.js:7975
m.access @ jquery.js:4171
attr @ jquery.js:7933
callback_error @ (index):645
C @ 10.19.0.js:1
z @ 10.19.0.js:1
o @ 10.19.0.js:1
error (async)
O @ 10.19.0.js:1
x @ 10.19.0.js:1
N @ 10.19.0.js:1
t @ 10.19.0.js:1
S @ 10.19.0.js:1
_manageIntersection @ 10.19.0.js:1
_onIntersection @ 10.19.0.js:1
img.doutula.com/production/uploads/image/2020/09/02/20200902031023_ZtKnWs.gif:1 GET https://img.doutula.com/production/uploads/image/2020/09/02/20200902031023_ZtKnWs.gif net::ERR_CERT_COMMON_NAME_INVALID
Image (async)
p @ 10.19.0.js:1
IMG @ 10.19.0.js:1
E @ 10.19.0.js:1
t @ 10.19.0.js:1
S @ 10.19.0.js:1
_manageIntersection @ 10.19.0.js:1
_onIntersection @ 10.19.0.js:1
img.doutula.com/production/uploads/image/2020/09/02/20200902031023_ZtKnWs.gif:1 GET https://img.doutula.com/production/uploads/image/2020/09/02/20200902031023_ZtKnWs.gif net::ERR_CERT_COMMON_NAME_INVALID
Image (async)
attr @ jquery.js:7975
m.access @ jquery.js:4171
attr @ jquery.js:7933
callback_error @ (index):645
C @ 10.19.0.js:1
z @ 10.19.0.js:1
o @ 10.19.0.js:1
error (async)
O @ 10.19.0.js:1
x @ 10.19.0.js:1
N @ 10.19.0.js:1
t @ 10.19.0.js:1
S @ 10.19.0.js:1
_manageIntersection @ 10.19.0.js:1
_onIntersection @ 10.19.0.js:1
img.doutula.com/production/uploads/image/2020/09/02/20200902031023_Nhydmi.gif:1 GET https://img.doutula.com/production/uploads/image/2020/09/02/20200902031023_Nhydmi.gif net::ERR_CERT_COMMON_NAME_INVALID
Image (async)
p @ 10.19.0.js:1
IMG @ 10.19.0.js:1
E @ 10.19.0.js:1
t @ 10.19.0.js:1
S @ 10.19.0.js:1
_manageIntersection @ 10.19.0.js:1
_onIntersection @ 10.19.0.js:1
img.doutula.com/production/uploads/image/2020/09/02/20200902031023_fqAYCB.gif:1 GET https://img.doutula.com/production/uploads/image/2020/09/02/20200902031023_fqAYCB.gif net::ERR_CERT_COMMON_NAME_INVALID
Image (async)
p @ 10.19.0.js:1
IMG @ 10.19.0.js:1
E @ 10.19.0.js:1
t @ 10.19.0.js:1
S @ 10.19.0.js:1
_manageIntersection @ 10.19.0.js:1
_onIntersection @ 10.19.0.js:1
img.doutula.com/production/uploads/image/2020/09/02/20200902031024_sUQRvT.gif:1 GET https://img.doutula.com/production/uploads/image/2020/09/02/20200902031024_sUQRvT.gif net::ERR_CERT_COMMON_NAME_INVALID
Image (async)
p @ 10.19.0.js:1
IMG @ 10.19.0.js:1
E @ 10.19.0.js:1
t @ 10.19.0.js:1
S @ 10.19.0.js:1
_manageIntersection @ 10.19.0.js:1
_onIntersection @ 10.19.0.js:1
img.doutula.com/production/uploads/image/2020/09/02/20200902031023_Nhydmi.gif:1 GET https://img.doutula.com/production/uploads/image/2020/09/02/20200902031023_Nhydmi.gif net::ERR_CERT_COMMON_NAME_INVALID
Image (async)
attr @ jquery.js:7975
m.access @ jquery.js:4171
attr @ jquery.js:7933
callback_error @ (index):645
C @ 10.19.0.js:1
z @ 10.19.0.js:1
o @ 10.19.0.js:1
error (async)
O @ 10.19.0.js:1
x @ 10.19.0.js:1
N @ 10.19.0.js:1
t @ 10.19.0.js:1
S @ 10.19.0.js:1
_manageIntersection @ 10.19.0.js:1
_onIntersection @ 10.19.0.js:1
img.doutula.com/production/uploads/image/2020/09/02/20200902031023_fqAYCB.gif:1 GET https://img.doutula.com/production/uploads/image/2020/09/02/20200902031023_fqAYCB.gif net::ERR_CERT_COMMON_NAME_INVALID
Image (async)
attr @ jquery.js:7975
m.access @ jquery.js:4171
attr @ jquery.js:7933
callback_error @ (index):645
C @ 10.19.0.js:1
z @ 10.19.0.js:1
o @ 10.19.0.js:1
error (async)
O @ 10.19.0.js:1
x @ 10.19.0.js:1
N @ 10.19.0.js:1
t @ 10.19.0.js:1
S @ 10.19.0.js:1
_manageIntersection @ 10.19.0.js:1
_onIntersection @ 10.19.0.js:1
img.doutula.com/production/uploads/image/2020/09/02/20200902031024_sUQRvT.gif:1 GET https://img.doutula.com/production/uploads/image/2020/09/02/20200902031024_sUQRvT.gif net::ERR_CERT_COMMON_NAME_INVALID
Image (async)
attr @ jquery.js:7975
m.access @ jquery.js:4171
attr @ jquery.js:7933
callback_error @ (index):645
C @ 10.19.0.js:1
z @ 10.19.0.js:1
o @ 10.19.0.js:1
error (async)
O @ 10.19.0.js:1
x @ 10.19.0.js:1
N @ 10.19.0.js:1
t @ 10.19.0.js:1
S @ 10.19.0.js:1
_manageIntersection @ 10.19.0.js:1
_onIntersection @ 10.19.0.js:1
img.doutula.com/production/uploads/image/2017/08/26/20170826745045_otLXAS.gif:1 GET https://img.doutula.com/production/uploads/image/2017/08/26/20170826745045_otLXAS.gif net::ERR_CERT_COMMON_NAME_INVALID
Image (async)
p @ 10.19.0.js:1
IMG @ 10.19.0.js:1
E @ 10.19.0.js:1
t @ 10.19.0.js:1
S @ 10.19.0.js:1
_manageIntersection @ 10.19.0.js:1
_onIntersection @ 10.19.0.js:1
img.doutula.com/production/uploads/image/2017/07/20/20170720514855_jgkNdE.gif:1 GET https://img.doutula.com/production/uploads/image/2017/07/20/20170720514855_jgkNdE.gif net::ERR_CERT_COMMON_NAME_INVALID
Image (async)
p @ 10.19.0.js:1
IMG @ 10.19.0.js:1
E @ 10.19.0.js:1
t @ 10.19.0.js:1
S @ 10.19.0.js:1
_manageIntersection @ 10.19.0.js:1
_onIntersection @ 10.19.0.js:1
img.doutula.com/production/uploads/image/2016/12/10/20161210342860_CoeZIi.gif:1 GET https://img.doutula.com/production/uploads/image/2016/12/10/20161210342860_CoeZIi.gif net::ERR_CERT_COMMON_NAME_INVALID
Image (async)
p @ 10.19.0.js:1
IMG @ 10.19.0.js:1
E @ 10.19.0.js:1
t @ 10.19.0.js:1
S @ 10.19.0.js:1
_manageIntersection @ 10.19.0.js:1
_onIntersection @ 10.19.0.js:1
img.doutula.com/production/uploads/image/2016/06/26/20160626925765_ytouCe.gif:1 GET https://img.doutula.com/production/uploads/image/2016/06/26/20160626925765_ytouCe.gif net::ERR_CERT_COMMON_NAME_INVALID
Image (async)
p @ 10.19.0.js:1
IMG @ 10.19.0.js:1
E @ 10.19.0.js:1
t @ 10.19.0.js:1
S @ 10.19.0.js:1
_manageIntersection @ 10.19.0.js:1
_onIntersection @ 10.19.0.js:1
img.doutula.com/production/uploads/image/2016/10/23/20161023233712_FrEozv.gif:1 GET https://img.doutula.com/production/uploads/image/2016/10/23/20161023233712_FrEozv.gif net::ERR_CERT_COMMON_NAME_INVALID
Image (async)
p @ 10.19.0.js:1
IMG @ 10.19.0.js:1
E @ 10.19.0.js:1
t @ 10.19.0.js:1
S @ 10.19.0.js:1
_manageIntersection @ 10.19.0.js:1
_onIntersection @ 10.19.0.js:1
img.doutula.com/production/uploads/image/2017/01/13/20170113312395_iCaIdO.gif:1 GET https://img.doutula.com/production/uploads/image/2017/01/13/20170113312395_iCaIdO.gif net::ERR_CERT_COMMON_NAME_INVALID
Image (async)
p @ 10.19.0.js:1
IMG @ 10.19.0.js:1
E @ 10.19.0.js:1
t @ 10.19.0.js:1
S @ 10.19.0.js:1
_manageIntersection @ 10.19.0.js:1
_onIntersection @ 10.19.0.js:1
img.doutula.com/production/uploads/image/2016/07/19/20160719905723_mztWIb.gif:1 GET https://img.doutula.com/production/uploads/image/2016/07/19/20160719905723_mztWIb.gif net::ERR_CERT_COMMON_NAME_INVALID
Image (async)
p @ 10.19.0.js:1
IMG @ 10.19.0.js:1
E @ 10.19.0.js:1
t @ 10.19.0.js:1
S @ 10.19.0.js:1
_manageIntersection @ 10.19.0.js:1
_onIntersection @ 10.19.0.js:1
img.doutula.com/production/uploads/image/2016/08/29/20160829431084_wIVBci.gif:1 GET https://img.doutula.com/production/uploads/image/2016/08/29/20160829431084_wIVBci.gif net::ERR_CERT_COMMON_NAME_INVALID
Image (async)
p @ 10.19.0.js:1
IMG @ 10.19.0.js:1
E @ 10.19.0.js:1
t @ 10.19.0.js:1
S @ 10.19.0.js:1
_manageIntersection @ 10.19.0.js:1
_onIntersection @ 10.19.0.js:1
img.doutula.com/production/uploads/image/2017/08/26/20170826745045_otLXAS.gif:1 GET https://img.doutula.com/production/uploads/image/2017/08/26/20170826745045_otLXAS.gif net::ERR_CERT_COMMON_NAME_INVALID
Image (async)
attr @ jquery.js:7975
m.access @ jquery.js:4171
attr @ jquery.js:7933
callback_error @ (index):645
C @ 10.19.0.js:1
z @ 10.19.0.js:1
o @ 10.19.0.js:1
error (async)
O @ 10.19.0.js:1
x @ 10.19.0.js:1
N @ 10.19.0.js:1
t @ 10.19.0.js:1
S @ 10.19.0.js:1
_manageIntersection @ 10.19.0.js:1
_onIntersection @ 10.19.0.js:1
img.doutula.com/production/uploads/image/2017/07/20/20170720514855_jgkNdE.gif:1 GET https://img.doutula.com/production/uploads/image/2017/07/20/20170720514855_jgkNdE.gif net::ERR_CERT_COMMON_NAME_INVALID
Image (async)
attr @ jquery.js:7975
m.access @ jquery.js:4171
attr @ jquery.js:7933
callback_error @ (index):645
C @ 10.19.0.js:1
z @ 10.19.0.js:1
o @ 10.19.0.js:1
error (async)
O @ 10.19.0.js:1
x @ 10.19.0.js:1
N @ 10.19.0.js:1
t @ 10.19.0.js:1
S @ 10.19.0.js:1
_manageIntersection @ 10.19.0.js:1
_onIntersection @ 10.19.0.js:1
img.doutula.com/production/uploads/image/2016/12/10/20161210342860_CoeZIi.gif:1 GET https://img.doutula.com/production/uploads/image/2016/12/10/20161210342860_CoeZIi.gif net::ERR_CERT_COMMON_NAME_INVALID
Image (async)
attr @ jquery.js:7975
m.access @ jquery.js:4171
attr @ jquery.js:7933
callback_error @ (index):645
C @ 10.19.0.js:1
z @ 10.19.0.js:1
o @ 10.19.0.js:1
error (async)
O @ 10.19.0.js:1
x @ 10.19.0.js:1
N @ 10.19.0.js:1
t @ 10.19.0.js:1
S @ 10.19.0.js:1
_manageIntersection @ 10.19.0.js:1
_onIntersection @ 10.19.0.js:1
img.doutula.com/production/uploads/image/2016/06/26/20160626925765_ytouCe.gif:1 GET https://img.doutula.com/production/uploads/image/2016/06/26/20160626925765_ytouCe.gif net::ERR_CERT_COMMON_NAME_INVALID
Image (async)
attr @ jquery.js:7975
m.access @ jquery.js:4171
attr @ jquery.js:7933
callback_error @ (index):645
C @ 10.19.0.js:1
z @ 10.19.0.js:1
o @ 10.19.0.js:1
error (async)
O @ 10.19.0.js:1
x @ 10.19.0.js:1
N @ 10.19.0.js:1
t @ 10.19.0.js:1
S @ 10.19.0.js:1
_manageIntersection @ 10.19.0.js:1
_onIntersection @ 10.19.0.js:1
img.doutula.com/production/uploads/image/2016/10/23/20161023233712_FrEozv.gif:1 GET https://img.doutula.com/production/uploads/image/2016/10/23/20161023233712_FrEozv.gif net::ERR_CERT_COMMON_NAME_INVALID
Image (async)
attr @ jquery.js:7975
m.access @ jquery.js:4171
attr @ jquery.js:7933
callback_error @ (index):645
C @ 10.19.0.js:1
z @ 10.19.0.js:1
o @ 10.19.0.js:1
error (async)
O @ 10.19.0.js:1
x @ 10.19.0.js:1
N @ 10.19.0.js:1
t @ 10.19.0.js:1
S @ 10.19.0.js:1
_manageIntersection @ 10.19.0.js:1
_onIntersection @ 10.19.0.js:1
img.doutula.com/production/uploads/image/2017/01/13/20170113312395_iCaIdO.gif:1 GET https://img.doutula.com/production/uploads/image/2017/01/13/20170113312395_iCaIdO.gif net::ERR_CERT_COMMON_NAME_INVALID
Image (async)
attr @ jquery.js:7975
m.access @ jquery.js:4171
attr @ jquery.js:7933
callback_error @ (index):645
C @ 10.19.0.js:1
z @ 10.19.0.js:1
o @ 10.19.0.js:1
error (async)
O @ 10.19.0.js:1
x @ 10.19.0.js:1
N @ 10.19.0.js:1
t @ 10.19.0.js:1
S @ 10.19.0.js:1
_manageIntersection @ 10.19.0.js:1
_onIntersection @ 10.19.0.js:1
img.doutula.com/production/uploads/image/2016/07/19/20160719905723_mztWIb.gif:1 GET https://img.doutula.com/production/uploads/image/2016/07/19/20160719905723_mztWIb.gif net::ERR_CERT_COMMON_NAME_INVALID
Image (async)
attr @ jquery.js:7975
m.access @ jquery.js:4171
attr @ jquery.js:7933
callback_error @ (index):645
C @ 10.19.0.js:1
z @ 10.19.0.js:1
o @ 10.19.0.js:1
error (async)
O @ 10.19.0.js:1
x @ 10.19.0.js:1
N @ 10.19.0.js:1
t @ 10.19.0.js:1
S @ 10.19.0.js:1
_manageIntersection @ 10.19.0.js:1
_onIntersection @ 10.19.0.js:1
img.doutula.com/production/uploads/image/2016/08/29/20160829431084_wIVBci.gif:1 GET https://img.doutula.com/production/uploads/image/2016/08/29/20160829431084_wIVBci.gif net::ERR_CERT_COMMON_NAME_INVALID
Image (async)
attr @ jquery.js:7975
m.access @ jquery.js:4171
attr @ jquery.js:7933
callback_error @ (index):645
C @ 10.19.0.js:1
z @ 10.19.0.js:1
o @ 10.19.0.js:1
error (async)
O @ 10.19.0.js:1
x @ 10.19.0.js:1
N @ 10.19.0.js:1
t @ 10.19.0.js:1
S @ 10.19.0.js:1
_manageIntersection @ 10.19.0.js:1
_onIntersection @ 10.19.0.js:1
main.js?id=797bb78e9f7e8341f2c2:1 Uncaught ReferenceError: _czc is not defined
    at window.onload (main.js?id=797bb78e9f7e8341f2c2:1)
window.onload @ main.js?id=797bb78e9f7e8341f2c2:1
load (async)
168w @ main.js?id=797bb78e9f7e8341f2c2:1
n @ main.js?id=797bb78e9f7e8341f2c2:1
9 @ main.js?id=797bb78e9f7e8341f2c2:1
n @ main.js?id=797bb78e9f7e8341f2c2:1
(anonymous) @ main.js?id=797bb78e9f7e8341f2c2:1
(anonymous) @ main.js?id=797bb78e9f7e8341f2c2:1
